<?xml version="1.0" encoding="utf-8"?><testsuites><testsuite name="pytest" errors="0" failures="0" skipped="2" tests="2" time="0.202" timestamp="2024-08-23T20:58:14.679086-06:00" hostname="LENOVOLAPTOPLP"><testcase classname="test" name="test_read_item" time="0.001"><skipped type="pytest.skip" message="async def function and no async plugin installed (see warnings)">C:\Users\Luis P\Documents\0lps\01 U\0LaU\00000Decimo semestre (y el ultimo)\05 Machine Learning Enginerring\Ejercicios\FastAPI - Example\devenv\Lib\site-packages\_pytest\python.py:149: async def function and no async plugin installed (see warnings)</skipped></testcase><testcase classname="test" name="test_read_item_not_found" time="0.001"><skipped type="pytest.skip" message="async def function and no async plugin installed (see warnings)">C:\Users\Luis P\Documents\0lps\01 U\0LaU\00000Decimo semestre (y el ultimo)\05 Machine Learning Enginerring\Ejercicios\FastAPI - Example\devenv\Lib\site-packages\_pytest\python.py:149: async def function and no async plugin installed (see warnings)</skipped></testcase></testsuite></testsuites>